2025-08-22 13:32:03 INFO  TC_01_Ragistartion_test:21 - **Starting the test**
2025-08-22 13:32:05 INFO  TC_01_Ragistartion_test:26 -  click on registration
2025-08-22 13:32:09 INFO  TC_01_Ragistartion_test:49 -  providing cutomer details
2025-08-22 13:32:10 INFO  TC_01_Ragistartion_test:52 - validting reagistration massage
2025-08-22 13:32:11 INFO  TC_01_Ragistartion_test:74 - **..test finished..**
2025-08-22 13:32:14 INFO  Tc002_loginTest:19 - **** Starting TC_002_LoginTest  ****
2025-08-22 13:32:17 INFO  Tc002_loginTest:43 - **** Finished TC_002_LoginTest  ****
2025-08-22 13:32:59 INFO  TC_01_Ragistartion_test:21 - **Starting the test**
2025-08-22 13:33:01 INFO  TC_01_Ragistartion_test:26 -  click on registration
2025-08-22 13:33:02 INFO  TC_01_Ragistartion_test:49 -  providing cutomer details
2025-08-22 13:33:03 INFO  TC_01_Ragistartion_test:52 - validting reagistration massage
2025-08-22 13:33:13 INFO  TC_01_Ragistartion_test:74 - **..test finished..**
2025-08-22 13:33:19 INFO  Tc002_loginTest:19 - **** Starting TC_002_LoginTest  ****
2025-08-22 13:33:22 INFO  Tc002_loginTest:43 - **** Finished TC_002_LoginTest  ****
2025-08-22 13:34:50 INFO  TC_01_Ragistartion_test:21 - **Starting the test**
2025-08-22 13:34:51 INFO  TC_01_Ragistartion_test:26 -  click on registration
2025-08-22 13:34:52 INFO  TC_01_Ragistartion_test:49 -  providing cutomer details
2025-08-22 13:34:54 INFO  TC_01_Ragistartion_test:52 - validting reagistration massage
2025-08-22 13:34:54 INFO  TC_01_Ragistartion_test:74 - **..test finished..**
2025-08-22 13:34:57 INFO  Tc002_loginTest:19 - **** Starting TC_002_LoginTest  ****
2025-08-22 13:35:00 INFO  Tc002_loginTest:43 - **** Finished TC_002_LoginTest  ****
